Unity Editor version:    2020.3.29f1 (2ff179115da0)
Branch:                  2020.3/staging
Build type:              Release
Batch mode:              YES
macOS version:           Version 12.2.1 (Build 21D62)
Darwin version:          21.3.0
Architecture:            x86_64
Running under Rosetta:   YES
Available memory:        16384 MB
Using pre-set license
Pro License: NO

COMMAND LINE ARGUMENTS:
/Applications/Unity/Hub/Editor/2020.3.29f1/Unity.app/Contents/MacOS/Unity
-adb2
-batchMode
-noUpm
-name
AssetImportWorker0
-projectPath
/Users/laggy/Assignment 2
-logFile
Logs/AssetImportWorker0.log
-srvPort
63299
Successfully changed project path to: /Users/laggy/Assignment 2
/Users/laggy/Assignment 2
Using Asset Import Pipeline V2.
Refreshing native plugins compatible for Editor in 26.67 ms, found 2 plugins.
Preloading 0 native plugins for Editor in 0.00 ms.
Initialize engine version: 2020.3.29f1 (2ff179115da0)
[Subsystems] Discovering subsystems at path /Applications/Unity/Hub/Editor/2020.3.29f1/Unity.app/Contents/Resources/UnitySubsystems
[Subsystems] Discovering subsystems at path /Users/laggy/Assignment 2/Assets
GfxDevice: creating device client; threaded=0
2022-03-03 16:58:22.246 Unity[81271:5009877] (null) preferred device: Apple M1 (high power)
2022-03-03 16:58:22.246 Unity[81271:5009877] Metal devices available: 1
2022-03-03 16:58:22.246 Unity[81271:5009877] 0: Apple M1 (high power)
2022-03-03 16:58:22.246 Unity[81271:5009877] Using device Apple M1 (high power)
Initializing Metal device caps: Apple M1
Initialize mono
Mono path[0] = '/Applications/Unity/Hub/Editor/2020.3.29f1/Unity.app/Contents/Managed'
Mono path[1] = '/Applications/Unity/Hub/Editor/2020.3.29f1/Unity.app/Contents/MonoBleedingEdge/lib/mono/unityjit'
Mono config path = '/Applications/Unity/Hub/Editor/2020.3.29f1/Unity.app/Contents/MonoBleedingEdge/etc'
Using monoOptions --debugger-agent=transport=dt_socket,embedding=1,server=y,suspend=n,address=127.0.0.1:56271
Begin MonoManager ReloadAssembly
Registering precompiled unity dll's ...
Register platform support module: /Applications/Unity/Hub/Editor/2020.3.29f1/PlaybackEngines/WebGLSupport/UnityEditor.WebGL.Extensions.dll
Register platform support module: /Applications/Unity/Hub/Editor/2020.3.29f1/Unity.app/Contents/PlaybackEngines/MacStandaloneSupport/UnityEditor.OSXStandalone.Extensions.dll
Registered in 0.002802 seconds.
Native extension for OSXStandalone target not found
Native extension for WebGL target not found
Refreshing native plugins compatible for Editor in 28.64 ms, found 2 plugins.
Preloading 0 native plugins for Editor in 0.00 ms.
Mono: successfully reloaded assembly
- Completed reload, in  1.186 seconds
Domain Reload Profiling:
	ReloadAssembly (1186ms)
		BeginReloadAssembly (125ms)
			ExecutionOrderSort (0ms)
			DisableScriptedObjects (0ms)
			BackupInstance (0ms)
			ReleaseScriptingObjects (0ms)
			CreateAndSetChildDomain (3ms)
		EndReloadAssembly (944ms)
			LoadAssemblies (123ms)
			RebuildTransferFunctionScriptingTraits (0ms)
			SetupTypeCache (178ms)
			ReleaseScriptCaches (0ms)
			RebuildScriptCaches (39ms)
			SetupLoadedEditorAssemblies (454ms)
				LogAssemblyErrors (0ms)
				InitializePlatformSupportModulesInManaged (14ms)
				SetLoadedEditorAssemblies (1ms)
				RefreshPlugins (29ms)
				BeforeProcessingInitializeOnLoad (22ms)
				ProcessInitializeOnLoadAttributes (285ms)
				ProcessInitializeOnLoadMethodAttributes (104ms)
				AfterProcessingInitializeOnLoad (0ms)
				EditorAssembliesLoaded (1ms)
			ExecutionOrderSort2 (0ms)
			AwakeInstancesAfterBackupRestoration (0ms)
Platform modules already initialized, skipping
Registering precompiled user dll's ...
Registered in 0.002443 seconds.
Begin MonoManager ReloadAssembly
Native extension for OSXStandalone target not found
Native extension for WebGL target not found
Refreshing native plugins compatible for Editor in 0.29 ms, found 2 plugins.
Preloading 0 native plugins for Editor in 0.00 ms.
Mono: successfully reloaded assembly
- Completed reload, in  2.004 seconds
Domain Reload Profiling:
	ReloadAssembly (2006ms)
		BeginReloadAssembly (252ms)
			ExecutionOrderSort (0ms)
			DisableScriptedObjects (33ms)
			BackupInstance (0ms)
			ReleaseScriptingObjects (0ms)
			CreateAndSetChildDomain (31ms)
		EndReloadAssembly (1665ms)
			LoadAssemblies (190ms)
			RebuildTransferFunctionScriptingTraits (0ms)
			SetupTypeCache (299ms)
			ReleaseScriptCaches (1ms)
			RebuildScriptCaches (49ms)
			SetupLoadedEditorAssemblies (878ms)
				LogAssemblyErrors (0ms)
				InitializePlatformSupportModulesInManaged (16ms)
				SetLoadedEditorAssemblies (1ms)
				RefreshPlugins (0ms)
				BeforeProcessingInitializeOnLoad (106ms)
				ProcessInitializeOnLoadAttributes (728ms)
				ProcessInitializeOnLoadMethodAttributes (26ms)
				AfterProcessingInitializeOnLoad (1ms)
				EditorAssembliesLoaded (0ms)
			ExecutionOrderSort2 (0ms)
			AwakeInstancesAfterBackupRestoration (33ms)
Platform modules already initialized, skipping
Validating Project structure ... 0.000106 seconds.
Shader import version has changed; will reimport all shaders...
Upgrading shader files ...0.000190 seconds.
Application.AssetDatabase Initial Script Refresh Start
RefreshInfo: InitialScriptRefreshV2(NoUpdateAssetOptions) scanfilter:  ... 1 filters
RefreshProfiler: Total: 0.000ms
Application.AssetDatabase Initial Script Refresh End
Application.AssetDatabase.Refresh Start
Application.AssetDatabase.Refresh End
RefreshInfo: StopAssetImportingV2(ForceSynchronousImport) scanfilter: 
RefreshProfiler: Total: 0.000ms
Launching external process: /Applications/Unity/Hub/Editor/2020.3.29f1/Unity.app/Contents/Tools/UnityShaderCompiler
Launched and connected shader compiler UnityShaderCompiler after 0.02 seconds
Initializing Unity extensions:
2022-03-03 16:58:26.341 Unity[81271:5009877] NSEventModifierFlagFunction specified to -setKeyEquivalentModifierMask: for item <NSMenuItem: 0x6000031948c0 Font Asset, ke='Command-F12'>, but is only supported for system-provided menu items; will not be used
2022-03-03 16:58:26.344 Unity[81271:5009877] NSEventModifierFlagFunction specified to -setKeyEquivalentModifierMask: for item <NSMenuItem: 0x6000031e4000 Font Asset, ke='Command-F12'>, but is only supported for system-provided menu items; will not be used
========================================================================
Worker process is ready to serve import requests
Refreshing native plugins compatible for Editor in 0.18 ms, found 2 plugins.
Preloading 0 native plugins for Editor in 0.00 ms.
Unloading 1503 Unused Serialized files (Serialized files now loaded: 0)
System memory in use before: 175.1 MB.
System memory in use after: 174.3 MB.

Unloading 77 unused Assets to reduce memory usage. Loaded Objects now: 1977.
Total: 2.318542 ms (FindLiveObjects: 0.068417 ms CreateObjectMapping: 0.029666 ms MarkObjects: 1.819042 ms  DeleteObjects: 0.400542 ms)

AssetImportParameters requested are different than current active one (requested -> active):
  custom:video-decoder-ogg-theora: a1e56fd34408186e4bbccfd4996cb3dc -> 
  custom:container-muxer-webm: aa71ff27fc2769a1b78a27578f13a17b -> 
  custom:container-demuxer-webm: 4f35f7cbe854078d1ac9338744f61a02 -> 
  custom:container-demuxer-ogg: 62fdf1f143b41e24485cea50d1cbac27 -> 
  custom:video-encoder-webm-vp8: eb34c28f22e8b96e1ab97ce403110664 -> 
  custom:framework-osx-AVFoundation: e770b220cccbd017edd2c1fefb359320 -> 
  custom:video-decoder-webm-vp8: 9c59270c3fd7afecdb556c50c9e8de78 -> 
  custom:audio-decoder-ogg-vorbis: bf7c407c2cedff20999df2af8eb42d56 -> 
  custom:audio-encoder-webm-vorbis: bf7c407c2cedff20999df2af8eb42d56 -> 
========================================================================
Received Import Request.
  path: Assets/Materials
  artifactKey: Guid(c76fe86c7536543c182c2b6271ba4fd3) Importer(815301076,1909f56bfc062723c751e8b465ee728b)
Start importing Assets/Materials using Guid(c76fe86c7536543c182c2b6271ba4fd3) Importer(815301076,1909f56bfc062723c751e8b465ee728b)  -> (artifact id: 'c821729b06f7060dedc3a1ad5c383cd6') in 0.006012 seconds 
  Import took 0.008176 seconds .

========================================================================
Received Import Request.
  Time since last request: 6.385479 seconds.
  path: Assets/Materials/Ground.mat
  artifactKey: Guid(34b20952a711841b18cddd4b1d72bc88) Importer(815301076,1909f56bfc062723c751e8b465ee728b)
Start importing Assets/Materials/Ground.mat using Guid(34b20952a711841b18cddd4b1d72bc88) Importer(815301076,1909f56bfc062723c751e8b465ee728b)  -> (artifact id: '0076efc8da739a8d6589ff98b4c97408') in 0.233455 seconds 
  Import took 0.237207 seconds .

========================================================================
Received Import Request.
  Time since last request: 375.040801 seconds.
  path: Assets/Materials/Cannon.mat
  artifactKey: Guid(f1b160122f4764f108cb236bd3f1d4e6) Importer(815301076,1909f56bfc062723c751e8b465ee728b)
Start importing Assets/Materials/Cannon.mat using Guid(f1b160122f4764f108cb236bd3f1d4e6) Importer(815301076,1909f56bfc062723c751e8b465ee728b)  -> (artifact id: '63a6335b7fc348716e9d047bcaad3440') in 0.019862 seconds 
  Import took 0.022738 seconds .

========================================================================
Received Import Request.
  Time since last request: 226.005744 seconds.
  path: Assets/Materials/Target.mat
  artifactKey: Guid(eefd7a6b0d9c44f40a6c0fb36e41a26e) Importer(815301076,1909f56bfc062723c751e8b465ee728b)
Start importing Assets/Materials/Target.mat using Guid(eefd7a6b0d9c44f40a6c0fb36e41a26e) Importer(815301076,1909f56bfc062723c751e8b465ee728b)  -> (artifact id: '1c3a4b610b0167a3a4a67a0d1f059358') in 0.018936 seconds 
  Import took 0.028551 seconds .

========================================================================
Received Import Request.
  Time since last request: 325.940246 seconds.
  path: Assets/Kevin Iglesias/3DCharacterDummy/Materials/DummyMaterial.mat
  artifactKey: Guid(75f6f11c806810340800c866dba8155b) Importer(815301076,1909f56bfc062723c751e8b465ee728b)
Start importing Assets/Kevin Iglesias/3DCharacterDummy/Materials/DummyMaterial.mat using Guid(75f6f11c806810340800c866dba8155b) Importer(815301076,1909f56bfc062723c751e8b465ee728b)  -> (artifact id: 'f7faf98792d0a34851bb2306c0af8687') in 0.320076 seconds 
  Import took 0.323181 seconds .

========================================================================
Received Import Request.
  Time since last request: 0.000217 seconds.
  path: Assets/Kevin Iglesias/3DCharacterDummy/Materials/FloorMaterial.mat
  artifactKey: Guid(6f0ed2219ff129a43a45732c39e4918a) Importer(815301076,1909f56bfc062723c751e8b465ee728b)
Start importing Assets/Kevin Iglesias/3DCharacterDummy/Materials/FloorMaterial.mat using Guid(6f0ed2219ff129a43a45732c39e4918a) Importer(815301076,1909f56bfc062723c751e8b465ee728b)  -> (artifact id: '9ee6ffddadd9be9f10b718e84b755df7') in 0.008166 seconds 
  Import took 0.010134 seconds .

========================================================================
Received Import Request.
  Time since last request: 33.822671 seconds.
  path: Assets/Kevin Iglesias/3DCharacterDummy
  artifactKey: Guid(bbded66f86604884c9cc35ba69d3b2fc) Importer(815301076,1909f56bfc062723c751e8b465ee728b)
Start importing Assets/Kevin Iglesias/3DCharacterDummy using Guid(bbded66f86604884c9cc35ba69d3b2fc) Importer(815301076,1909f56bfc062723c751e8b465ee728b)  -> (artifact id: '53a62fc92809ad341827447f4663eeb3') in 0.001453 seconds 
  Import took 0.004922 seconds .

========================================================================
Received Import Request.
  Time since last request: 3.980504 seconds.
  path: Assets/Kevin Iglesias/3DCharacterDummy/Models/FemaleDummy.fbx
  artifactKey: Guid(7144acb9459793743bd1b60b10fe0d30) Importer(815301076,1909f56bfc062723c751e8b465ee728b)
Start importing Assets/Kevin Iglesias/3DCharacterDummy/Models/FemaleDummy.fbx using Guid(7144acb9459793743bd1b60b10fe0d30) Importer(815301076,1909f56bfc062723c751e8b465ee728b)  -> (artifact id: '9e540cec0b9d307d935013056714fcc1') in 0.248734 seconds 
  Import took 0.252809 seconds .

========================================================================
Received Import Request.
  Time since last request: 0.000290 seconds.
  path: Assets/Kevin Iglesias/3DCharacterDummy/Models/MaleDummy.fbx
  artifactKey: Guid(317a56890b5c8e74ab1d492a2c7fb608) Importer(815301076,1909f56bfc062723c751e8b465ee728b)
Start importing Assets/Kevin Iglesias/3DCharacterDummy/Models/MaleDummy.fbx using Guid(317a56890b5c8e74ab1d492a2c7fb608) Importer(815301076,1909f56bfc062723c751e8b465ee728b)  -> (artifact id: '703ed2af599bb77b4e2170cd428824f1') in 0.022999 seconds 
  Import took 0.025007 seconds .

